chip8.c:28:15: warning: braces around scalar initializer [-Wbraced-scalar-init]
        .sp = { 0 },
              ^~~~~
chip8.c:29:23: warning: braces around scalar initializer [-Wbraced-scalar-init]
        .delayTimer = { 0 },
                      ^~~~~
chip8.c:30:23: warning: braces around scalar initializer [-Wbraced-scalar-init]
        .soundTimer = { 0 },
                      ^~~~~
chip8.c:32:18: warning: braces around scalar initializer [-Wbraced-scalar-init]
        .index = { 0 },
                 ^~~~~
chip8.c:33:15: warning: braces around scalar initializer [-Wbraced-scalar-init]
        .pc = { 0 },
              ^~~~~
chip8.c:67:26: warning: format specifies type 'char *' but the argument has type 'char' [-Wformat]
            printf("%s", buffer[i]);
                    ~~   ^~~~~~~~~
                    %c
6 warnings generated.
